INFO:root:Successfully took control.
INFO:root:No battery found.
INFO:root:No battery found.
DEBUG:PIL.Image:Importing BlpImagePlugin
DEBUG:PIL.Image:Importing BmpImagePlugin
DEBUG:PIL.Image:Importing BufrStubImagePlugin
DEBUG:PIL.Image:Importing CurImagePlugin
DEBUG:PIL.Image:Importing DcxImagePlugin
DEBUG:PIL.Image:Importing DdsImagePlugin
DEBUG:PIL.Image:Importing EpsImagePlugin
DEBUG:PIL.Image:Importing FitsImagePlugin
DEBUG:PIL.Image:Importing FliImagePlugin
DEBUG:PIL.Image:Importing FpxImagePlugin
DEBUG:PIL.Image:Image: failed to import FpxImagePlugin: No module named 'olefile'
DEBUG:PIL.Image:Importing FtexImagePlugin
DEBUG:PIL.Image:Importing GbrImagePlugin
DEBUG:PIL.Image:Importing GifImagePlugin
DEBUG:PIL.Image:Importing GribStubImagePlugin
DEBUG:PIL.Image:Importing Hdf5StubImagePlugin
DEBUG:PIL.Image:Importing IcnsImagePlugin
DEBUG:PIL.Image:Importing IcoImagePlugin
DEBUG:PIL.Image:Importing ImImagePlugin
DEBUG:PIL.Image:Importing ImtImagePlugin
DEBUG:PIL.Image:Importing IptcImagePlugin
DEBUG:PIL.Image:Importing JpegImagePlugin
DEBUG:PIL.Image:Importing Jpeg2KImagePlugin
DEBUG:PIL.Image:Importing McIdasImagePlugin
DEBUG:PIL.Image:Importing MicImagePlugin
DEBUG:PIL.Image:Image: failed to import MicImagePlugin: No module named 'olefile'
DEBUG:PIL.Image:Importing MpegImagePlugin
DEBUG:PIL.Image:Importing MpoImagePlugin
INFO:root:No battery found.
DEBUG:PIL.Image:Importing MspImagePlugin
DEBUG:PIL.Image:Importing PalmImagePlugin
DEBUG:PIL.Image:Importing PcdImagePlugin
DEBUG:PIL.Image:Importing PcxImagePlugin
DEBUG:PIL.Image:Importing PdfImagePlugin
DEBUG:PIL.Image:Importing PixarImagePlugin
DEBUG:PIL.Image:Importing PngImagePlugin
DEBUG:PIL.Image:Importing PpmImagePlugin
DEBUG:PIL.Image:Importing PsdImagePlugin
DEBUG:PIL.Image:Importing QoiImagePlugin
DEBUG:PIL.Image:Importing SgiImagePlugin
DEBUG:PIL.Image:Importing SpiderImagePlugin
DEBUG:PIL.Image:Importing SunImagePlugin
DEBUG:PIL.Image:Importing TgaImagePlugin
DEBUG:PIL.Image:Importing TiffImagePlugin
DEBUG:PIL.Image:Importing WebPImagePlugin
DEBUG:PIL.Image:Importing WmfImagePlugin
DEBUG:PIL.Image:Importing XbmImagePlugin
DEBUG:PIL.Image:Importing XpmImagePlugin
DEBUG:PIL.Image:Importing XVThumbImagePlugin
INFO:root:No battery found.
INFO:root:No battery found.
INFO:root:No battery found.
DEBUG:PIL.Image:Importing BlpImagePlugin
DEBUG:PIL.Image:Importing BmpImagePlugin
DEBUG:PIL.Image:Importing BufrStubImagePlugin
DEBUG:PIL.Image:Importing CurImagePlugin
DEBUG:PIL.Image:Importing DcxImagePlugin
DEBUG:PIL.Image:Importing DdsImagePlugin
DEBUG:PIL.Image:Importing EpsImagePlugin
DEBUG:PIL.Image:Importing FitsImagePlugin
DEBUG:PIL.Image:Importing FliImagePlugin
DEBUG:PIL.Image:Importing FpxImagePlugin
DEBUG:PIL.Image:Image: failed to import FpxImagePlugin: No module named 'olefile'
DEBUG:PIL.Image:Importing FtexImagePlugin
DEBUG:PIL.Image:Importing GbrImagePlugin
DEBUG:PIL.Image:Importing GifImagePlugin
DEBUG:PIL.Image:Importing GribStubImagePlugin
DEBUG:PIL.Image:Importing Hdf5StubImagePlugin
DEBUG:PIL.Image:Importing IcnsImagePlugin
DEBUG:PIL.Image:Importing IcoImagePlugin
DEBUG:PIL.Image:Importing ImImagePlugin
DEBUG:PIL.Image:Importing ImtImagePlugin
DEBUG:PIL.Image:Importing IptcImagePlugin
DEBUG:PIL.Image:Importing JpegImagePlugin
DEBUG:PIL.Image:Importing Jpeg2KImagePlugin
DEBUG:PIL.Image:Importing McIdasImagePlugin
DEBUG:PIL.Image:Importing MicImagePlugin
DEBUG:PIL.Image:Image: failed to import MicImagePlugin: No module named 'olefile'
DEBUG:PIL.Image:Importing MpegImagePlugin
DEBUG:PIL.Image:Importing MpoImagePlugin
DEBUG:PIL.Image:Importing MspImagePlugin
DEBUG:PIL.Image:Importing PalmImagePlugin
DEBUG:PIL.Image:Importing PcdImagePlugin
DEBUG:PIL.Image:Importing PcxImagePlugin
DEBUG:PIL.Image:Importing PdfImagePlugin
DEBUG:PIL.Image:Importing PixarImagePlugin
DEBUG:PIL.Image:Importing PngImagePlugin
DEBUG:PIL.Image:Importing PpmImagePlugin
DEBUG:PIL.Image:Importing PsdImagePlugin
DEBUG:PIL.Image:Importing QoiImagePlugin
DEBUG:PIL.Image:Importing SgiImagePlugin
DEBUG:PIL.Image:Importing SpiderImagePlugin
DEBUG:PIL.Image:Importing SunImagePlugin
DEBUG:PIL.Image:Importing TgaImagePlugin
DEBUG:PIL.Image:Importing TiffImagePlugin
DEBUG:PIL.Image:Importing WebPImagePlugin
DEBUG:PIL.Image:Importing WmfImagePlugin
DEBUG:PIL.Image:Importing XbmImagePlugin
DEBUG:PIL.Image:Importing XpmImagePlugin
DEBUG:PIL.Image:Importing XVThumbImagePlugin
INFO:root:No battery found.
ERROR:pystray._base:An error occurred when calling message handler
Traceback (most recent call last):
  File "C:\Program Files (x86)\Lib\site-packages\pystray\_win32.py", line 412, in _dispatcher
    return int(icon._message_handlers.get(
               ^^^^^^^^^^^^^^^^^^^^^^^^^^^
  File "C:\Program Files (x86)\Lib\site-packages\pystray\_win32.py", line 224, in _on_notify
    descriptors[index - 1](self)
  File "C:\Program Files (x86)\Lib\site-packages\pystray\_base.py", line 328, in inner
    callback(self)
  File "C:\Program Files (x86)\Lib\site-packages\pystray\_base.py", line 453, in __call__
    return self._action(icon, self)
           ^^^^^^^^^^^^^^^^^^^^^^^^
  File "C:\xampp\htdocs\trakexcel\Uzi-Battery-monitor\JuiceWatch.py", line 408, in <lambda>
    opening(), open_settings_window())),
               ^^^^^^^^^^^^^^^^^^^^^^
  File "C:\xampp\htdocs\trakexcel\Uzi-Battery-monitor\JuiceWatch.py", line 253, in open_settings_window
    notification_label = ttk.Label(
                         ^^^^^^^^^^
  File "C:\Program Files (x86)\Lib\tkinter\ttk.py", line 729, in __init__
    Widget.__init__(self, master, "ttk::label", kw)
  File "C:\Program Files (x86)\Lib\tkinter\ttk.py", line 527, in __init__
    tkinter.Widget.__init__(self, master, widgetname, kw=kw)
  File "C:\Program Files (x86)\Lib\tkinter\__init__.py", line 2629, in __init__
    self.tk.call(
_tkinter.TclError: image "pyimage1" doesn't existINFO:root:No battery found.
INFO:root:No battery found.
INFO:root:No battery found.
INFO:root:No battery found.
INFO:root:No battery found.
INFO:root:No battery found.
INFO:root:No battery found.
INFO:root:No battery found.
INFO:root:No battery found.
INFO:root:No battery found.
INFO:root:No battery found.
INFO:root:No battery found.
INFO:root:No battery found.
INFO:root:No battery found.
INFO:root:No battery found.
INFO:root:No battery found.
INFO:root:No battery found.
INFO:root:No battery found.
INFO:root:No battery found.
INFO:root:No battery found.
INFO:root:No battery found.
INFO:root:No battery found.
INFO:root:No battery found.
INFO:root:No battery found.
INFO:root:No battery found.
INFO:root:No battery found.
INFO:root:No battery found.
INFO:root:No battery found.
INFO:root:No battery found.
INFO:root:No battery found.
INFO:root:No battery found.
INFO:root:No battery found.
INFO:root:No battery found.
INFO:root:No battery found.
INFO:root:No battery found.
INFO:root:No battery found.
INFO:root:No battery found.
INFO:root:No battery found.
INFO:root:No battery found.
INFO:root:No battery found.
INFO:root:No battery found.
INFO:root:No battery found.
INFO:root:No battery found.
INFO:root:No battery found.
INFO:root:No battery found.
INFO:root:No battery found.
INFO:root:No battery found.
INFO:root:No battery found.
INFO:root:No battery found.
INFO:root:No battery found.
INFO:root:No battery found.
INFO:root:No battery found.
INFO:root:No battery found.
INFO:root:No battery found.
INFO:root:No battery found.
INFO:root:No battery found.
INFO:root:No battery found.
INFO:root:No battery found.
INFO:root:No battery found.
INFO:root:No battery found.
INFO:root:No battery found.
INFO:root:No battery found.
INFO:root:No battery found.
INFO:root:No battery found.
INFO:root:No battery found.
INFO:root:No battery found.
INFO:root:No battery found.
INFO:root:No battery found.
INFO:root:No battery found.
INFO:root:No battery found.
INFO:root:No battery found.
INFO:root:No battery found.
INFO:root:No battery found.
INFO:root:No battery found.
INFO:root:No battery found.
INFO:root:No battery found.
INFO:root:No battery found.
INFO:root:No battery found.
INFO:root:No battery found.
INFO:root:No battery found.
INFO:root:No battery found.
INFO:root:No battery found.
INFO:root:No battery found.
INFO:root:No battery found.
INFO:root:No battery found.
INFO:root:No battery found.
INFO:root:No battery found.
INFO:root:No battery found.
INFO:root:No battery found.
INFO:root:No battery found.
INFO:root:No battery found.
INFO:root:No battery found.
INFO:root:No battery found.
INFO:root:No battery found.
INFO:root:No battery found.
INFO:root:No battery found.
INFO:root:No battery found.
INFO:root:No battery found.
INFO:root:No battery found.
INFO:root:No battery found.
INFO:root:No battery found.
INFO:root:No battery found.
INFO:root:No battery found.
INFO:root:No battery found.
INFO:root:No battery found.
INFO:root:No battery found.
INFO:root:No battery found.
INFO:root:No battery found.
INFO:root:No battery found.
INFO:root:No battery found.
INFO:root:No battery found.
INFO:root:No battery found.
INFO:root:No battery found.
INFO:root:No battery found.
INFO:root:No battery found.
INFO:root:No battery found.
INFO:root:No battery found.
INFO:root:No battery found.
INFO:root:No battery found.
INFO:root:No battery found.
INFO:root:No battery found.
INFO:root:No battery found.
INFO:root:No battery found.
INFO:root:No battery found.
INFO:root:No battery found.
INFO:root:No battery found.
INFO:root:No battery found.
INFO:root:No battery found.
INFO:root:No battery found.
INFO:root:No battery found.
INFO:root:No battery found.
INFO:root:No battery found.
INFO:root:No battery found.
INFO:root:No battery found.
INFO:root:No battery found.
INFO:root:No battery found.
INFO:root:No battery found.
INFO:root:No battery found.
INFO:root:No battery found.
INFO:root:No battery found.
INFO:root:No battery found.
INFO:root:No battery found.
INFO:root:No battery found.
INFO:root:No battery found.
INFO:root:No battery found.
INFO:root:No battery found.
INFO:root:No battery found.
INFO:root:No battery found.
INFO:root:No battery found.
INFO:root:No battery found.
INFO:root:No battery found.
INFO:root:No battery found.
INFO:root:No battery found.
INFO:root:No battery found.
INFO:root:No battery found.
INFO:root:No battery found.
INFO:root:No battery found.
INFO:root:No battery found.
INFO:root:No battery found.
INFO:root:No battery found.
INFO:root:No battery found.
INFO:root:No battery found.
INFO:root:No battery found.
INFO:root:No battery found.
INFO:root:No battery found.
INFO:root:No battery found.
INFO:root:No battery found.
INFO:root:No battery found.
INFO:root:No battery found.
INFO:root:No battery found.
INFO:root:No battery found.
INFO:root:No battery found.
INFO:root:No battery found.
INFO:root:No battery found.
INFO:root:No battery found.
INFO:root:No battery found.
INFO:root:No battery found.
INFO:root:No battery found.
INFO:root:No battery found.
INFO:root:No battery found.
INFO:root:No battery found.
INFO:root:No battery found.
INFO:root:No battery found.
INFO:root:No battery found.
INFO:root:No battery found.
INFO:root:No battery found.
INFO:root:No battery found.
INFO:root:No battery found.
INFO:root:No battery found.
INFO:root:No battery found.
INFO:root:No battery found.
INFO:root:No battery found.
INFO:root:No battery found.
INFO:root:No battery found.
INFO:root:No battery found.
INFO:root:No battery found.
INFO:root:No battery found.
INFO:root:No battery found.
INFO:root:No battery found.
INFO:root:No battery found.
INFO:root:No battery found.
INFO:root:No battery found.
INFO:root:No battery found.
INFO:root:No battery found.
INFO:root:No battery found.
INFO:root:No battery found.
INFO:root:No battery found.
INFO:root:No battery found.
INFO:root:No battery found.
INFO:root:No battery found.
INFO:root:No battery found.
INFO:root:No battery found.
INFO:root:No battery found.
INFO:root:No battery found.
INFO:root:No battery found.
INFO:root:No battery found.
INFO:root:No battery found.
INFO:root:No battery found.
INFO:root:No battery found.
INFO:root:No battery found.
INFO:root:No battery found.
INFO:root:No battery found.
INFO:root:No battery found.
INFO:root:No battery found.
INFO:root:No battery found.
INFO:root:No battery found.
INFO:root:No battery found.
INFO:root:No battery found.
INFO:root:No battery found.
INFO:root:No battery found.
INFO:root:No battery found.
INFO:root:No battery found.
INFO:root:No battery found.
INFO:root:No battery found.
INFO:root:No battery found.
INFO:root:No battery found.
INFO:root:No battery found.
INFO:root:No battery found.
INFO:root:No battery found.
INFO:root:No battery found.
INFO:root:No battery found.
INFO:root:No battery found.
INFO:root:No battery found.
INFO:root:No battery found.
INFO:root:No battery found.
INFO:root:No battery found.
INFO:root:No battery found.
INFO:root:No battery found.
INFO:root:No battery found.
INFO:root:No battery found.
INFO:root:No battery found.
INFO:root:No battery found.
INFO:root:No battery found.
INFO:root:No battery found.
INFO:root:No battery found.
INFO:root:No battery found.
INFO:root:No battery found.
INFO:root:No battery found.
INFO:root:No battery found.
INFO:root:No battery found.
INFO:root:No battery found.
INFO:root:No battery found.
INFO:root:No battery found.
INFO:root:No battery found.
INFO:root:No battery found.
INFO:root:No battery found.
INFO:root:No battery found.
INFO:root:No battery found.
INFO:root:No battery found.
INFO:root:No battery found.
INFO:root:No battery found.
INFO:root:No battery found.
INFO:root:No battery found.
INFO:root:No battery found.
INFO:root:No battery found.
INFO:root:No battery found.
INFO:root:No battery found.
INFO:root:No battery found.
INFO:root:No battery found.
INFO:root:No battery found.
INFO:root:No battery found.
INFO:root:No battery found.
INFO:root:No battery found.
INFO:root:No battery found.
INFO:root:No battery found.
INFO:root:No battery found.
INFO:root:No battery found.
INFO:root:No battery found.
INFO:root:No battery found.
INFO:root:No battery found.
INFO:root:No battery found.
INFO:root:No battery found.
INFO:root:No battery found.
INFO:root:No battery found.
INFO:root:No battery found.
INFO:root:No battery found.
INFO:root:No battery found.
INFO:root:No battery found.
INFO:root:No battery found.
INFO:root:No battery found.
INFO:root:No battery found.
INFO:root:No battery found.
INFO:root:No battery found.
INFO:root:No battery found.
INFO:root:No battery found.
INFO:root:No battery found.
INFO:root:No battery found.
INFO:root:No battery found.
INFO:root:No battery found.
INFO:root:No battery found.
INFO:root:No battery found.
INFO:root:No battery found.
INFO:root:No battery found.
INFO:root:No battery found.
INFO:root:No battery found.
INFO:root:No battery found.
INFO:root:No battery found.
INFO:root:No battery found.
INFO:root:No battery found.
INFO:root:No battery found.
INFO:root:No battery found.
INFO:root:No battery found.
INFO:root:No battery found.
INFO:root:No battery found.
INFO:root:No battery found.
INFO:root:No battery found.
INFO:root:No battery found.
INFO:root:No battery found.
INFO:root:No battery found.
INFO:root:No battery found.
INFO:root:No battery found.
INFO:root:No battery found.
INFO:root:No battery found.
INFO:root:No battery found.
INFO:root:No battery found.
INFO:root:No battery found.
INFO:root:No battery found.
INFO:root:No battery found.
INFO:root:No battery found.
INFO:root:No battery found.
INFO:root:No battery found.
INFO:root:No battery found.
INFO:root:No battery found.
INFO:root:No battery found.
INFO:root:No battery found.
INFO:root:No battery found.
INFO:root:No battery found.
INFO:root:No battery found.
INFO:root:No battery found.
INFO:root:No battery found.
INFO:root:No battery found.
INFO:root:No battery found.
INFO:root:No battery found.
INFO:root:No battery found.
INFO:root:No battery found.
INFO:root:No battery found.
INFO:root:No battery found.
INFO:root:No battery found.
INFO:root:No battery found.
INFO:root:No battery found.
INFO:root:No battery found.
INFO:root:No battery found.
INFO:root:No battery found.
INFO:root:No battery found.
INFO:root:No battery found.
INFO:root:No battery found.
INFO:root:No battery found.
INFO:root:No battery found.
INFO:root:No battery found.
INFO:root:No battery found.
INFO:root:No battery found.
INFO:root:No battery found.
INFO:root:No battery found.
INFO:root:No battery found.
INFO:root:No battery found.
INFO:root:No battery found.
INFO:root:No battery found.
INFO:root:No battery found.
INFO:root:No battery found.
INFO:root:No battery found.
INFO:root:No battery found.
INFO:root:No battery found.
INFO:root:No battery found.
INFO:root:No battery found.
INFO:root:No battery found.
INFO:root:No battery found.
INFO:root:No battery found.
INFO:root:No battery found.
INFO:root:No battery found.
INFO:root:No battery found.
INFO:root:No battery found.
INFO:root:No battery found.
INFO:root:No battery found.
INFO:root:No battery found.
INFO:root:No battery found.
INFO:root:No battery found.
INFO:root:No battery found.
INFO:root:No battery found.
INFO:root:No battery found.
INFO:root:No battery found.
INFO:root:No battery found.
INFO:root:No battery found.
INFO:root:No battery found.
INFO:root:No battery found.
INFO:root:No battery found.
INFO:root:No battery found.
INFO:root:No battery found.
INFO:root:No battery found.
INFO:root:No battery found.
INFO:root:No battery found.
INFO:root:No battery found.
INFO:root:No battery found.
INFO:root:No battery found.
INFO:root:No battery found.
INFO:root:No battery found.
INFO:root:No battery found.
INFO:root:No battery found.
INFO:root:No battery found.
INFO:root:No battery found.
INFO:root:No battery found.
INFO:root:No battery found.
INFO:root:No battery found.
INFO:root:No battery found.
INFO:root:No battery found.
INFO:root:No battery found.
INFO:root:No battery found.
INFO:root:No battery found.
INFO:root:No battery found.
INFO:root:No battery found.
INFO:root:No battery found.
INFO:root:No battery found.
INFO:root:No battery found.
INFO:root:No battery found.
INFO:root:No battery found.
INFO:root:No battery found.
INFO:root:No battery found.
INFO:root:No battery found.
INFO:root:No battery found.
INFO:root:No battery found.
INFO:root:No battery found.
INFO:root:No battery found.
INFO:root:No battery found.
INFO:root:No battery found.
INFO:root:No battery found.
INFO:root:No battery found.
INFO:root:No battery found.
INFO:root:No battery found.
INFO:root:No battery found.
INFO:root:No battery found.
INFO:root:No battery found.
INFO:root:No battery found.
INFO:root:No battery found.
INFO:root:No battery found.
INFO:root:No battery found.
INFO:root:No battery found.
INFO:root:No battery found.
INFO:root:No battery found.
INFO:root:No battery found.
INFO:root:No battery found.
INFO:root:No battery found.
INFO:root:No battery found.
INFO:root:No battery found.
INFO:root:No battery found.
INFO:root:No battery found.
INFO:root:No battery found.
INFO:root:No battery found.
INFO:root:No battery found.
INFO:root:No battery found.
INFO:root:No battery found.
INFO:root:No battery found.
INFO:root:No battery found.
INFO:root:No battery found.
INFO:root:No battery found.
INFO:root:No battery found.
INFO:root:No battery found.
INFO:root:No battery found.
INFO:root:No battery found.
INFO:root:No battery found.
INFO:root:No battery found.
INFO:root:No battery found.
INFO:root:No battery found.
INFO:root:No battery found.
INFO:root:No battery found.
INFO:root:No battery found.
INFO:root:No battery found.
INFO:root:No battery found.
INFO:root:No battery found.
INFO:root:No battery found.
INFO:root:No battery found.
INFO:root:No battery found.
INFO:root:No battery found.
INFO:root:No battery found.
INFO:root:No battery found.
INFO:root:No battery found.
INFO:root:No battery found.
INFO:root:No battery found.
INFO:root:No battery found.
INFO:root:No battery found.
INFO:root:No battery found.
INFO:root:No battery found.
INFO:root:No battery found.
INFO:root:No battery found.
INFO:root:No battery found.
INFO:root:No battery found.
INFO:root:No battery found.
INFO:root:No battery found.
INFO:root:No battery found.
INFO:root:No battery found.
INFO:root:No battery found.
INFO:root:No battery found.
INFO:root:No battery found.
INFO:root:No battery found.
INFO:root:No battery found.
INFO:root:No battery found.
INFO:root:No battery found.
INFO:root:No battery found.
INFO:root:No battery found.
INFO:root:No battery found.
INFO:root:No battery found.
INFO:root:No battery found.
INFO:root:No battery found.
INFO:root:No battery found.
INFO:root:No battery found.
INFO:root:No battery found.
INFO:root:No battery found.
INFO:root:No battery found.
INFO:root:No battery found.
INFO:root:No battery found.
INFO:root:No battery found.
INFO:root:No battery found.
INFO:root:No battery found.
INFO:root:No battery found.
INFO:root:No battery found.
INFO:root:No battery found.
INFO:root:No battery found.
INFO:root:No battery found.
INFO:root:No battery found.
INFO:root:No battery found.
INFO:root:No battery found.
INFO:root:No battery found.
INFO:root:No battery found.
INFO:root:No battery found.
INFO:root:No battery found.
INFO:root:No battery found.
INFO:root:No battery found.
INFO:root:No battery found.
INFO:root:No battery found.
INFO:root:No battery found.
INFO:root:No battery found.
INFO:root:No battery found.
INFO:root:No battery found.
INFO:root:No battery found.
INFO:root:No battery found.
INFO:root:No battery found.
INFO:root:No battery found.
INFO:root:No battery found.
INFO:root:No battery found.
INFO:root:No battery found.
INFO:root:No battery found.
INFO:root:No battery found.
INFO:root:No battery found.
INFO:root:No battery found.
INFO:root:No battery found.
INFO:root:No battery found.
INFO:root:No battery found.
INFO:root:No battery found.
INFO:root:No battery found.
INFO:root:No battery found.
INFO:root:No battery found.
INFO:root:No battery found.
INFO:root:No battery found.
INFO:root:No battery found.
INFO:root:No battery found.
INFO:root:No battery found.
INFO:root:No battery found.
INFO:root:No battery found.
INFO:root:No battery found.
INFO:root:No battery found.
INFO:root:No battery found.
INFO:root:No battery found.
INFO:root:No battery found.
INFO:root:No battery found.
INFO:root:No battery found.
INFO:root:No battery found.
INFO:root:No battery found.
INFO:root:No battery found.
INFO:root:No battery found.
INFO:root:No battery found.
INFO:root:No battery found.
INFO:root:No battery found.
INFO:root:No battery found.
INFO:root:No battery found.
INFO:root:No battery found.
INFO:root:No battery found.
INFO:root:No battery found.
INFO:root:No battery found.
INFO:root:No battery found.
INFO:root:No battery found.
INFO:root:No battery found.
INFO:root:No battery found.
INFO:root:No battery found.
INFO:root:No battery found.
INFO:root:No battery found.
INFO:root:No battery found.
INFO:root:No battery found.
INFO:root:No battery found.
INFO:root:No battery found.
INFO:root:No battery found.
INFO:root:No battery found.
INFO:root:No battery found.
INFO:root:No battery found.
INFO:root:No battery found.
INFO:root:No battery found.
INFO:root:No battery found.
INFO:root:No battery found.
INFO:root:No battery found.
INFO:root:No battery found.
INFO:root:No battery found.
INFO:root:No battery found.
INFO:root:No battery found.
INFO:root:No battery found.
INFO:root:No battery found.
INFO:root:No battery found.
INFO:root:No battery found.
INFO:root:No battery found.
INFO:root:No battery found.
INFO:root:No battery found.
INFO:root:No battery found.
INFO:root:No battery found.
INFO:root:No battery found.
INFO:root:No battery found.
INFO:root:No battery found.
INFO:root:No battery found.
INFO:root:No battery found.
INFO:root:No battery found.
INFO:root:No battery found.
INFO:root:No battery found.
INFO:root:No battery found.
INFO:root:No battery found.
INFO:root:No battery found.
INFO:root:No battery found.
INFO:root:No battery found.
INFO:root:No battery found.
INFO:root:No battery found.
INFO:root:No battery found.
INFO:root:No battery found.
INFO:root:No battery found.
INFO:root:No battery found.
INFO:root:No battery found.
INFO:root:No battery found.
INFO:root:No battery found.
INFO:root:No battery found.
INFO:root:No battery found.
INFO:root:No battery found.
INFO:root:No battery found.
INFO:root:No battery found.
INFO:root:No battery found.
INFO:root:No battery found.
INFO:root:No battery found.
INFO:root:No battery found.
INFO:root:No battery found.
INFO:root:No battery found.
INFO:root:No battery found.
INFO:root:No battery found.
INFO:root:No battery found.
INFO:root:No battery found.
INFO:root:No battery found.
INFO:root:No battery found.
INFO:root:No battery found.
INFO:root:No battery found.
INFO:root:No battery found.
INFO:root:No battery found.
INFO:root:No battery found.
INFO:root:No battery found.
INFO:root:No battery found.
INFO:root:No battery found.
INFO:root:No battery found.
INFO:root:No battery found.
INFO:root:No battery found.
INFO:root:No battery found.
INFO:root:No battery found.
INFO:root:No battery found.
INFO:root:No battery found.
INFO:root:No battery found.
INFO:root:No battery found.
INFO:root:No battery found.
INFO:root:No battery found.
INFO:root:No battery found.
INFO:root:No battery found.
INFO:root:No battery found.
INFO:root:No battery found.
INFO:root:No battery found.
INFO:root:No battery found.
INFO:root:No battery found.
INFO:root:No battery found.
INFO:root:No battery found.
INFO:root:No battery found.
INFO:root:No battery found.
INFO:root:No battery found.
INFO:root:No battery found.
INFO:root:No battery found.
INFO:root:No battery found.
INFO:root:No battery found.
INFO:root:No battery found.
INFO:root:No battery found.
INFO:root:No battery found.
INFO:root:No battery found.
INFO:root:No battery found.
INFO:root:No battery found.
INFO:root:No battery found.
INFO:root:No battery found.
INFO:root:No battery found.
INFO:root:No battery found.
INFO:root:No battery found.
INFO:root:No battery found.
INFO:root:No battery found.
INFO:root:No battery found.
INFO:root:No battery found.
INFO:root:No battery found.
INFO:root:No battery found.
INFO:root:No battery found.
INFO:root:No battery found.
INFO:root:No battery found.
INFO:root:No battery found.
INFO:root:No battery found.
INFO:root:No battery found.
INFO:root:No battery found.
INFO:root:No battery found.
INFO:root:No battery found.
INFO:root:No battery found.
INFO:root:No battery found.
INFO:root:No battery found.
INFO:root:No battery found.
INFO:root:No battery found.
INFO:root:No battery found.
INFO:root:No battery found.
INFO:root:No battery found.
INFO:root:No battery found.
INFO:root:No battery found.
INFO:root:No battery found.
INFO:root:No battery found.
INFO:root:No battery found.
INFO:root:No battery found.
INFO:root:No battery found.
INFO:root:No battery found.
INFO:root:No battery found.
INFO:root:No battery found.
INFO:root:No battery found.
INFO:root:No battery found.
INFO:root:No battery found.
INFO:root:No battery found.
INFO:root:No battery found.
INFO:root:No battery found.
INFO:root:No battery found.
INFO:root:No battery found.
INFO:root:No battery found.
INFO:root:No battery found.
INFO:root:No battery found.
INFO:root:No battery found.
INFO:root:No battery found.
INFO:root:No battery found.
INFO:root:No battery found.
INFO:root:No battery found.
INFO:root:No battery found.
INFO:root:No battery found.
INFO:root:No battery found.
INFO:root:No battery found.
INFO:root:No battery found.
INFO:root:No battery found.
INFO:root:No battery found.
INFO:root:No battery found.
INFO:root:No battery found.
INFO:root:No battery found.
INFO:root:No battery found.
INFO:root:No battery found.
INFO:root:No battery found.
INFO:root:No battery found.
INFO:root:No battery found.
INFO:root:No battery found.
INFO:root:No battery found.
INFO:root:No battery found.
INFO:root:No battery found.
INFO:root:No battery found.
INFO:root:No battery found.
INFO:root:No battery found.
INFO:root:No battery found.
INFO:root:No battery found.
INFO:root:No battery found.
INFO:root:No battery found.
INFO:root:No battery found.
INFO:root:No battery found.
INFO:root:No battery found.
INFO:root:No battery found.
INFO:root:No battery found.
INFO:root:No battery found.
INFO:root:No battery found.
INFO:root:No battery found.
INFO:root:No battery found.
INFO:root:No battery found.
INFO:root:No battery found.
INFO:root:No battery found.
INFO:root:No battery found.
INFO:root:No battery found.
INFO:root:No battery found.
INFO:root:No battery found.
INFO:root:No battery found.
INFO:root:No battery found.
INFO:root:No battery found.
INFO:root:No battery found.
INFO:root:No battery found.
INFO:root:No battery found.
INFO:root:No battery found.
INFO:root:No battery found.
INFO:root:No battery found.
INFO:root:No battery found.
INFO:root:No battery found.
INFO:root:No battery found.
INFO:root:No battery found.
INFO:root:No battery found.
INFO:root:No battery found.
INFO:root:No battery found.
INFO:root:No battery found.
INFO:root:No battery found.
INFO:root:No battery found.
INFO:root:No battery found.
INFO:root:No battery found.
INFO:root:No battery found.
INFO:root:No battery found.
INFO:root:No battery found.
INFO:root:No battery found.
INFO:root:No battery found.
INFO:root:No battery found.
INFO:root:No battery found.
INFO:root:No battery found.
INFO:root:No battery found.
INFO:root:No battery found.
INFO:root:No battery found.
INFO:root:No battery found.
INFO:root:No battery found.
INFO:root:No battery found.
INFO:root:No battery found.
INFO:root:No battery found.
INFO:root:No battery found.
INFO:root:No battery found.
INFO:root:No battery found.
INFO:root:No battery found.
INFO:root:No battery found.
INFO:root:No battery found.
INFO:root:No battery found.
INFO:root:No battery found.
INFO:root:No battery found.
INFO:root:No battery found.
INFO:root:No battery found.
INFO:root:No battery found.
INFO:root:No battery found.
INFO:root:No battery found.
INFO:root:No battery found.
INFO:root:No battery found.
INFO:root:No battery found.
INFO:root:No battery found.
INFO:root:No battery found.
INFO:root:No battery found.
INFO:root:No battery found.
INFO:root:No battery found.
INFO:root:No battery found.
INFO:root:No battery found.
INFO:root:No battery found.
INFO:root:No battery found.
INFO:root:No battery found.
INFO:root:No battery found.
INFO:root:No battery found.
INFO:root:No battery found.
INFO:root:No battery found.
INFO:root:No battery found.
INFO:root:No battery found.
INFO:root:No battery found.
INFO:root:No battery found.
INFO:root:No battery found.
INFO:root:No battery found.
INFO:root:No battery found.
INFO:root:No battery found.
INFO:root:No battery found.
INFO:root:No battery found.
INFO:root:No battery found.
INFO:root:No battery found.
INFO:root:No battery found.
INFO:root:No battery found.
INFO:root:No battery found.
INFO:root:No battery found.
INFO:root:No battery found.
INFO:root:No battery found.
INFO:root:No battery found.
INFO:root:No battery found.
INFO:root:No battery found.
INFO:root:No battery found.
INFO:root:No battery found.
INFO:root:No battery found.
INFO:root:No battery found.
INFO:root:No battery found.
INFO:root:No battery found.
INFO:root:No battery found.
INFO:root:No battery found.
INFO:root:No battery found.
INFO:root:No battery found.
INFO:root:No battery found.
INFO:root:No battery found.
INFO:root:No battery found.
INFO:root:No battery found.
INFO:root:No battery found.
INFO:root:No battery found.
INFO:root:No battery found.
INFO:root:No battery found.
INFO:root:No battery found.
INFO:root:No battery found.
INFO:root:No battery found.
INFO:root:No battery found.
INFO:root:No battery found.
INFO:root:No battery found.
INFO:root:No battery found.
INFO:root:No battery found.
INFO:root:No battery found.
INFO:root:No battery found.
INFO:root:No battery found.
INFO:root:No battery found.
INFO:root:No battery found.
INFO:root:No battery found.
INFO:root:No battery found.
INFO:root:No battery found.
INFO:root:No battery found.
INFO:root:No battery found.
INFO:root:No battery found.
INFO:root:No battery found.
INFO:root:No battery found.
INFO:root:No battery found.
INFO:root:No battery found.
INFO:root:No battery found.
INFO:root:No battery found.
INFO:root:No battery found.
INFO:root:No battery found.
INFO:root:No battery found.
INFO:root:No battery found.
INFO:root:No battery found.
INFO:root:No battery found.
INFO:root:No battery found.
INFO:root:No battery found.
INFO:root:No battery found.
INFO:root:No battery found.
INFO:root:No battery found.
INFO:root:No battery found.
INFO:root:No battery found.
INFO:root:No battery found.
INFO:root:No battery found.
INFO:root:No battery found.
INFO:root:No battery found.
INFO:root:No battery found.
INFO:root:No battery found.
INFO:root:No battery found.
INFO:root:No battery found.
INFO:root:No battery found.
INFO:root:No battery found.
INFO:root:No battery found.
INFO:root:No battery found.
INFO:root:No battery found.
INFO:root:No battery found.
INFO:root:No battery found.
INFO:root:No battery found.
INFO:root:No battery found.
INFO:root:No battery found.
INFO:root:No battery found.
INFO:root:No battery found.
INFO:root:No battery found.
INFO:root:No battery found.
INFO:root:No battery found.
INFO:root:No battery found.
INFO:root:No battery found.
INFO:root:No battery found.
INFO:root:No battery found.
INFO:root:No battery found.
INFO:root:No battery found.
INFO:root:No battery found.
INFO:root:No battery found.
INFO:root:No battery found.
INFO:root:No battery found.
INFO:root:No battery found.
INFO:root:No battery found.
INFO:root:No battery found.
INFO:root:No battery found.
INFO:root:No battery found.
INFO:root:No battery found.
INFO:root:No battery found.
INFO:root:No battery found.
INFO:root:No battery found.
INFO:root:No battery found.
INFO:root:No battery found.
INFO:root:No battery found.
INFO:root:No battery found.
INFO:root:No battery found.
INFO:root:No battery found.
INFO:root:No battery found.
INFO:root:No battery found.
INFO:root:No battery found.
INFO:root:No battery found.
INFO:root:No battery found.
INFO:root:No battery found.
INFO:root:No battery found.
INFO:root:No battery found.
INFO:root:No battery found.
INFO:root:No battery found.
INFO:root:No battery found.
INFO:root:No battery found.
INFO:root:No battery found.
INFO:root:No battery found.
INFO:root:No battery found.
INFO:root:No battery found.
INFO:root:No battery found.
INFO:root:No battery found.
INFO:root:No battery found.
INFO:root:No battery found.
INFO:root:No battery found.
INFO:root:No battery found.
INFO:root:No battery found.
INFO:root:No battery found.
INFO:root:No battery found.
INFO:root:No battery found.
INFO:root:No battery found.
INFO:root:No battery found.
INFO:root:No battery found.
INFO:root:No battery found.
INFO:root:No battery found.
INFO:root:No battery found.
INFO:root:No battery found.
INFO:root:No battery found.
INFO:root:No battery found.
INFO:root:No battery found.
INFO:root:No battery found.
INFO:root:No battery found.
INFO:root:No battery found.
INFO:root:No battery found.
INFO:root:No battery found.
INFO:root:No battery found.
INFO:root:No battery found.
INFO:root:No battery found.
INFO:root:No battery found.
INFO:root:No battery found.
INFO:root:No battery found.
INFO:root:No battery found.
INFO:root:No battery found.
INFO:root:No battery found.
INFO:root:No battery found.
INFO:root:No battery found.
INFO:root:No battery found.
INFO:root:No battery found.
INFO:root:No battery found.
INFO:root:No battery found.
INFO:root:No battery found.
INFO:root:No battery found.
INFO:root:No battery found.
INFO:root:No battery found.
INFO:root:No battery found.
INFO:root:No battery found.
INFO:root:No battery found.
INFO:root:No battery found.
INFO:root:No battery found.
INFO:root:No battery found.
INFO:root:No battery found.
INFO:root:No battery found.
INFO:root:No battery found.
INFO:root:No battery found.
INFO:root:No battery found.
INFO:root:No battery found.
INFO:root:No battery found.
INFO:root:No battery found.
INFO:root:No battery found.
INFO:root:No battery found.
INFO:root:No battery found.
INFO:root:No battery found.
INFO:root:No battery found.
INFO:root:No battery found.
INFO:root:No battery found.
INFO:root:No battery found.
INFO:root:No battery found.
INFO:root:No battery found.
INFO:root:No battery found.
INFO:root:No battery found.
INFO:root:No battery found.
INFO:root:No battery found.
INFO:root:No battery found.
INFO:root:No battery found.
INFO:root:No battery found.
INFO:root:No battery found.
INFO:root:No battery found.
INFO:root:No battery found.
INFO:root:No battery found.
INFO:root:No battery found.
INFO:root:No battery found.
INFO:root:No battery found.
INFO:root:No battery found.
INFO:root:No battery found.
INFO:root:No battery found.
INFO:root:No battery found.
INFO:root:No battery found.
INFO:root:No battery found.
INFO:root:No battery found.
INFO:root:No battery found.
INFO:root:No battery found.
INFO:root:No battery found.
INFO:root:No battery found.
INFO:root:No battery found.
INFO:root:No battery found.
INFO:root:No battery found.
INFO:root:No battery found.
INFO:root:No battery found.
INFO:root:No battery found.
INFO:root:No battery found.
INFO:root:No battery found.
INFO:root:No battery found.
INFO:root:No battery found.
INFO:root:No battery found.
INFO:root:No battery found.
INFO:root:No battery found.
INFO:root:No battery found.
INFO:root:No battery found.
INFO:root:No battery found.
INFO:root:No battery found.
INFO:root:No battery found.
INFO:root:No battery found.
INFO:root:No battery found.
INFO:root:No battery found.
INFO:root:No battery found.
INFO:root:No battery found.
INFO:root:No battery found.
INFO:root:No battery found.
INFO:root:No battery found.
INFO:root:No battery found.
INFO:root:No battery found.
INFO:root:No battery found.
INFO:root:No battery found.
INFO:root:No battery found.
INFO:root:No battery found.
INFO:root:No battery found.
INFO:root:No battery found.
INFO:root:No battery found.
INFO:root:No battery found.
INFO:root:No battery found.
INFO:root:No battery found.
INFO:root:No battery found.
INFO:root:No battery found.
INFO:root:No battery found.
INFO:root:No battery found.
INFO:root:No battery found.
INFO:root:No battery found.
INFO:root:No battery found.
INFO:root:No battery found.
INFO:root:No battery found.
INFO:root:No battery found.
INFO:root:No battery found.
INFO:root:No battery found.
INFO:root:No battery found.
INFO:root:No battery found.
INFO:root:No battery found.
INFO:root:No battery found.
INFO:root:No battery found.
INFO:root:No battery found.
INFO:root:No battery found.
INFO:root:No battery found.
INFO:root:No battery found.
INFO:root:No battery found.
INFO:root:No battery found.
INFO:root:No battery found.
INFO:root:No battery found.
INFO:root:No battery found.
INFO:root:No battery found.
INFO:root:No battery found.
INFO:root:No battery found.
INFO:root:No battery found.
INFO:root:No battery found.
INFO:root:No battery found.
INFO:root:No battery found.
INFO:root:No battery found.
INFO:root:No battery found.
INFO:root:No battery found.
INFO:root:No battery found.
INFO:root:No battery found.
INFO:root:No battery found.
INFO:root:No battery found.
INFO:root:No battery found.
INFO:root:No battery found.
INFO:root:No battery found.
INFO:root:No battery found.
INFO:root:No battery found.
INFO:root:No battery found.
INFO:root:No battery found.
INFO:root:No battery found.
INFO:root:No battery found.
INFO:root:No battery found.
INFO:root:No battery found.
INFO:root:No battery found.
INFO:root:No battery found.
INFO:root:No battery found.
INFO:root:No battery found.
INFO:root:No battery found.
INFO:root:No battery found.
INFO:root:No battery found.
INFO:root:No battery found.
INFO:root:No battery found.
INFO:root:No battery found.
INFO:root:No battery found.
INFO:root:No battery found.
INFO:root:No battery found.
INFO:root:No battery found.
INFO:root:No battery found.
INFO:root:No battery found.
INFO:root:No battery found.
INFO:root:No battery found.
INFO:root:No battery found.
INFO:root:No battery found.
INFO:root:No battery found.
INFO:root:No battery found.
INFO:root:No battery found.
INFO:root:No battery found.
INFO:root:No battery found.
INFO:root:No battery found.
INFO:root:No battery found.
INFO:root:No battery found.
INFO:root:No battery found.
